Analysis & Synthesis report for taxi
Sun Dec 08 10:34:52 2024
Quartus Prime Version 18.1.0 Build 625 09/12/2018 SJ Lite Edition


---------------------
; Table of Contents ;
---------------------
  1. Legal Notice
  2. Analysis & Synthesis Summary
  3. Analysis & Synthesis Settings
  4. Parallel Compilation
  5. Analysis & Synthesis Source Files Read
  6. Analysis & Synthesis Resource Usage Summary
  7. Analysis & Synthesis Resource Utilization by Entity
  8. Analysis & Synthesis DSP Block Usage Summary
  9. General Register Statistics
 10. Inverted Register Statistics
 11. Parameter Settings for Inferred Entity Instance: pay_display:inst3|lpm_divide:Div1
 12. Parameter Settings for Inferred Entity Instance: mileage_display:inst1|lpm_divide:Div2
 13. Parameter Settings for Inferred Entity Instance: mileage_display:inst1|lpm_divide:Mod1
 14. Parameter Settings for Inferred Entity Instance: pay_display:inst3|lpm_divide:Mod0
 15. Parameter Settings for Inferred Entity Instance: pay_display:inst3|lpm_divide:Div0
 16. Parameter Settings for Inferred Entity Instance: pay_display:inst3|lpm_divide:Mod1
 17. Parameter Settings for Inferred Entity Instance: mileage_display:inst1|lpm_divide:Div0
 18. Parameter Settings for Inferred Entity Instance: mileage_display:inst1|lpm_divide:Div1
 19. Parameter Settings for Inferred Entity Instance: mileage_display:inst1|lpm_divide:Mod0
 20. Post-Synthesis Netlist Statistics for Top Partition
 21. Elapsed Time Per Partition
 22. Analysis & Synthesis Messages



----------------
; Legal Notice ;
----------------
Copyright (C) 2018  Intel Corporation. All rights reserved.
Your use of Intel Corporation's design tools, logic functions 
and other software and tools, and its AMPP partner logic 
functions, and any output files from any of the foregoing 
(including device programming or simulation files), and any 
associated documentation or information are expressly subject 
to the terms and conditions of the Intel Program License 
Subscription Agreement, the Intel Quartus Prime License Agreement,
the Intel FPGA IP License Agreement, or other applicable license
agreement, including, without limitation, that your use is for
the sole purpose of programming logic devices manufactured by
Intel and sold by Intel or its authorized distributors.  Please
refer to the applicable agreement for further details.



+-------------------------------------------------------------------------------+
; Analysis & Synthesis Summary                                                  ;
+---------------------------------+---------------------------------------------+
; Analysis & Synthesis Status     ; Successful - Sun Dec 08 10:34:52 2024       ;
; Quartus Prime Version           ; 18.1.0 Build 625 09/12/2018 SJ Lite Edition ;
; Revision Name                   ; taxi                                        ;
; Top-level Entity Name           ; taxi                                        ;
; Family                          ; Cyclone V                                   ;
; Logic utilization (in ALMs)     ; N/A                                         ;
; Total registers                 ; 106                                         ;
; Total pins                      ; 45                                          ;
; Total virtual pins              ; 0                                           ;
; Total block memory bits         ; 0                                           ;
; Total DSP Blocks                ; 1                                           ;
; Total HSSI RX PCSs              ; 0                                           ;
; Total HSSI PMA RX Deserializers ; 0                                           ;
; Total HSSI TX PCSs              ; 0                                           ;
; Total HSSI PMA TX Serializers   ; 0                                           ;
; Total PLLs                      ; 0                                           ;
; Total DLLs                      ; 0                                           ;
+---------------------------------+---------------------------------------------+


+---------------------------------------------------------------------------------------------------------------------------+
; Analysis & Synthesis Settings                                                                                             ;
+---------------------------------------------------------------------------------+--------------------+--------------------+
; Option                                                                          ; Setting            ; Default Value      ;
+---------------------------------------------------------------------------------+--------------------+--------------------+
; Device                                                                          ; 5CSEMA5F31C6       ;                    ;
; Top-level entity name                                                           ; taxi               ; taxi               ;
; Family name                                                                     ; Cyclone V          ; Cyclone V          ;
; Use smart compilation                                                           ; Off                ; Off                ;
; Enable parallel Assembler and Timing Analyzer during compilation                ; On                 ; On                 ;
; Enable compact report table                                                     ; Off                ; Off                ;
; Restructure Multiplexers                                                        ; Auto               ; Auto               ;
; MLAB Add Timing Constraints For Mixed-Port Feed-Through Mode Setting Don't Care ; Off                ; Off                ;
; Create Debugging Nodes for IP Cores                                             ; Off                ; Off                ;
; Preserve fewer node names                                                       ; On                 ; On                 ;
; Intel FPGA IP Evaluation Mode                                                   ; Enable             ; Enable             ;
; Verilog Version                                                                 ; Verilog_2001       ; Verilog_2001       ;
; VHDL Version                                                                    ; VHDL_1993          ; VHDL_1993          ;
; State Machine Processing                                                        ; Auto               ; Auto               ;
; Safe State Machine                                                              ; Off                ; Off                ;
; Extract Verilog State Machines                                                  ; On                 ; On                 ;
; Extract VHDL State Machines                                                     ; On                 ; On                 ;
; Ignore Verilog initial constructs                                               ; Off                ; Off                ;
; Iteration limit for constant Verilog loops                                      ; 5000               ; 5000               ;
; Iteration limit for non-constant Verilog loops                                  ; 250                ; 250                ;
; Add Pass-Through Logic to Inferred RAMs                                         ; On                 ; On                 ;
; Infer RAMs from Raw Logic                                                       ; On                 ; On                 ;
; Parallel Synthesis                                                              ; On                 ; On                 ;
; DSP Block Balancing                                                             ; Auto               ; Auto               ;
; NOT Gate Push-Back                                                              ; On                 ; On                 ;
; Power-Up Don't Care                                                             ; On                 ; On                 ;
; Remove Redundant Logic Cells                                                    ; Off                ; Off                ;
; Remove Duplicate Registers                                                      ; On                 ; On                 ;
; Ignore CARRY Buffers                                                            ; Off                ; Off                ;
; Ignore CASCADE Buffers                                                          ; Off                ; Off                ;
; Ignore GLOBAL Buffers                                                           ; Off                ; Off                ;
; Ignore ROW GLOBAL Buffers                                                       ; Off                ; Off                ;
; Ignore LCELL Buffers                                                            ; Off                ; Off                ;
; Ignore SOFT Buffers                                                             ; On                 ; On                 ;
; Limit AHDL Integers to 32 Bits                                                  ; Off                ; Off                ;
; Optimization Technique                                                          ; Balanced           ; Balanced           ;
; Carry Chain Length                                                              ; 70                 ; 70                 ;
; Auto Carry Chains                                                               ; On                 ; On                 ;
; Auto Open-Drain Pins                                                            ; On                 ; On                 ;
; Perform WYSIWYG Primitive Resynthesis                                           ; Off                ; Off                ;
; Auto ROM Replacement                                                            ; On                 ; On                 ;
; Auto RAM Replacement                                                            ; On                 ; On                 ;
; Auto DSP Block Replacement                                                      ; On                 ; On                 ;
; Auto Shift Register Replacement                                                 ; Auto               ; Auto               ;
; Allow Shift Register Merging across Hierarchies                                 ; Auto               ; Auto               ;
; Auto Clock Enable Replacement                                                   ; On                 ; On                 ;
; Strict RAM Replacement                                                          ; Off                ; Off                ;
; Allow Synchronous Control Signals                                               ; On                 ; On                 ;
; Force Use of Synchronous Clear Signals                                          ; Off                ; Off                ;
; Auto Resource Sharing                                                           ; Off                ; Off                ;
; Allow Any RAM Size For Recognition                                              ; Off                ; Off                ;
; Allow Any ROM Size For Recognition                                              ; Off                ; Off                ;
; Allow Any Shift Register Size For Recognition                                   ; Off                ; Off                ;
; Use LogicLock Constraints during Resource Balancing                             ; On                 ; On                 ;
; Ignore translate_off and synthesis_off directives                               ; Off                ; Off                ;
; Timing-Driven Synthesis                                                         ; On                 ; On                 ;
; Report Parameter Settings                                                       ; On                 ; On                 ;
; Report Source Assignments                                                       ; On                 ; On                 ;
; Report Connectivity Checks                                                      ; On                 ; On                 ;
; Ignore Maximum Fan-Out Assignments                                              ; Off                ; Off                ;
; Synchronization Register Chain Length                                           ; 3                  ; 3                  ;
; Power Optimization During Synthesis                                             ; Normal compilation ; Normal compilation ;
; HDL message level                                                               ; Level2             ; Level2             ;
; Suppress Register Optimization Related Messages                                 ; Off                ; Off                ;
; Number of Removed Registers Reported in Synthesis Report                        ; 5000               ; 5000               ;
; Number of Swept Nodes Reported in Synthesis Report                              ; 5000               ; 5000               ;
; Number of Inverted Registers Reported in Synthesis Report                       ; 100                ; 100                ;
; Clock MUX Protection                                                            ; On                 ; On                 ;
; Auto Gated Clock Conversion                                                     ; Off                ; Off                ;
; Block Design Naming                                                             ; Auto               ; Auto               ;
; SDC constraint protection                                                       ; Off                ; Off                ;
; Synthesis Effort                                                                ; Auto               ; Auto               ;
; Shift Register Replacement - Allow Asynchronous Clear Signal                    ; On                 ; On                 ;
; Pre-Mapping Resynthesis Optimization                                            ; Off                ; Off                ;
; Analysis & Synthesis Message Level                                              ; Medium             ; Medium             ;
; Disable Register Merging Across Hierarchies                                     ; Auto               ; Auto               ;
; Resource Aware Inference For Block RAM                                          ; On                 ; On                 ;
; Automatic Parallel Synthesis                                                    ; On                 ; On                 ;
; Partial Reconfiguration Bitstream ID                                            ; Off                ; Off                ;
+---------------------------------------------------------------------------------+--------------------+--------------------+


+------------------------------------------+
; Parallel Compilation                     ;
+----------------------------+-------------+
; Processors                 ; Number      ;
+----------------------------+-------------+
; Number detected on machine ; 16          ;
; Maximum allowed            ; 16          ;
;                            ;             ;
; Average used               ; 1.00        ;
; Maximum used               ; 16          ;
;                            ;             ;
; Usage by Processor         ; % Time Used ;
;     Processor 1            ; 100.0%      ;
;     Processor 2            ;   0.0%      ;
;     Processor 3            ;   0.0%      ;
;     Processor 4            ;   0.0%      ;
;     Processor 5            ;   0.0%      ;
;     Processor 6            ;   0.0%      ;
;     Processor 7            ;   0.0%      ;
;     Processor 8            ;   0.0%      ;
;     Processors 9-16        ;   0.0%      ;
+----------------------------+-------------+


+--------------------------------------------------------------------------------------------------------------------------------------------------------------------------------+
; Analysis & Synthesis Source Files Read                                                                                                                                         ;
+----------------------------------+-----------------+------------------------------------+----------------------------------------------------------------------------+---------+
; File Name with User-Entered Path ; Used in Netlist ; File Type                          ; File Name with Absolute Path                                               ; Library ;
+----------------------------------+-----------------+------------------------------------+----------------------------------------------------------------------------+---------+
; taxi_meter.v                     ; yes             ; User Verilog HDL File              ; E:/EDA_sheji/taxi/taxi_meter.v                                             ;         ;
; taxi_fare.v                      ; yes             ; User Verilog HDL File              ; E:/EDA_sheji/taxi/taxi_fare.v                                              ;         ;
; mileage_display.v                ; yes             ; User Verilog HDL File              ; E:/EDA_sheji/taxi/mileage_display.v                                        ;         ;
; pay_display.v                    ; yes             ; User Verilog HDL File              ; E:/EDA_sheji/taxi/pay_display.v                                            ;         ;
; seg7.v                           ; yes             ; User Verilog HDL File              ; E:/EDA_sheji/taxi/seg7.v                                                   ;         ;
; taxi.bdf                         ; yes             ; User Block Diagram/Schematic File  ; E:/EDA_sheji/taxi/taxi.bdf                                                 ;         ;
; lpm_divide.tdf                   ; yes             ; Megafunction                       ; e:/intelfpga_lite/18.1/quartus/libraries/megafunctions/lpm_divide.tdf      ;         ;
; abs_divider.inc                  ; yes             ; Megafunction                       ; e:/intelfpga_lite/18.1/quartus/libraries/megafunctions/abs_divider.inc     ;         ;
; sign_div_unsign.inc              ; yes             ; Megafunction                       ; e:/intelfpga_lite/18.1/quartus/libraries/megafunctions/sign_div_unsign.inc ;         ;
; aglobal181.inc                   ; yes             ; Megafunction                       ; e:/intelfpga_lite/18.1/quartus/libraries/megafunctions/aglobal181.inc      ;         ;
; db/lpm_divide_hbm.tdf            ; yes             ; Auto-Generated Megafunction        ; E:/EDA_sheji/taxi/db/lpm_divide_hbm.tdf                                    ;         ;
; db/sign_div_unsign_nlh.tdf       ; yes             ; Auto-Generated Megafunction        ; E:/EDA_sheji/taxi/db/sign_div_unsign_nlh.tdf                               ;         ;
; db/alt_u_div_kve.tdf             ; yes             ; Auto-Generated Megafunction        ; E:/EDA_sheji/taxi/db/alt_u_div_kve.tdf                                     ;         ;
; db/lpm_divide_ibm.tdf            ; yes             ; Auto-Generated Megafunction        ; E:/EDA_sheji/taxi/db/lpm_divide_ibm.tdf                                    ;         ;
; db/sign_div_unsign_olh.tdf       ; yes             ; Auto-Generated Megafunction        ; E:/EDA_sheji/taxi/db/sign_div_unsign_olh.tdf                               ;         ;
; db/alt_u_div_mve.tdf             ; yes             ; Auto-Generated Megafunction        ; E:/EDA_sheji/taxi/db/alt_u_div_mve.tdf                                     ;         ;
; db/lpm_divide_i3m.tdf            ; yes             ; Auto-Generated Megafunction        ; E:/EDA_sheji/taxi/db/lpm_divide_i3m.tdf                                    ;         ;
; db/sign_div_unsign_llh.tdf       ; yes             ; Auto-Generated Megafunction        ; E:/EDA_sheji/taxi/db/sign_div_unsign_llh.tdf                               ;         ;
; db/alt_u_div_gve.tdf             ; yes             ; Auto-Generated Megafunction        ; E:/EDA_sheji/taxi/db/alt_u_div_gve.tdf                                     ;         ;
; db/lpm_divide_h3m.tdf            ; yes             ; Auto-Generated Megafunction        ; E:/EDA_sheji/taxi/db/lpm_divide_h3m.tdf                                    ;         ;
; db/sign_div_unsign_klh.tdf       ; yes             ; Auto-Generated Megafunction        ; E:/EDA_sheji/taxi/db/sign_div_unsign_klh.tdf                               ;         ;
; db/alt_u_div_eve.tdf             ; yes             ; Auto-Generated Megafunction        ; E:/EDA_sheji/taxi/db/alt_u_div_eve.tdf                                     ;         ;
; db/lpm_divide_ebm.tdf            ; yes             ; Auto-Generated Megafunction        ; E:/EDA_sheji/taxi/db/lpm_divide_ebm.tdf                                    ;         ;
; db/lpm_divide_1dm.tdf            ; yes             ; Auto-Generated Megafunction        ; E:/EDA_sheji/taxi/db/lpm_divide_1dm.tdf                                    ;         ;
; db/sign_div_unsign_7nh.tdf       ; yes             ; Auto-Generated Megafunction        ; E:/EDA_sheji/taxi/db/sign_div_unsign_7nh.tdf                               ;         ;
; db/alt_u_div_j2f.tdf             ; yes             ; Auto-Generated Megafunction        ; E:/EDA_sheji/taxi/db/alt_u_div_j2f.tdf                                     ;         ;
; db/lpm_divide_scm.tdf            ; yes             ; Auto-Generated Megafunction        ; E:/EDA_sheji/taxi/db/lpm_divide_scm.tdf                                    ;         ;
; db/sign_div_unsign_2nh.tdf       ; yes             ; Auto-Generated Megafunction        ; E:/EDA_sheji/taxi/db/sign_div_unsign_2nh.tdf                               ;         ;
; db/alt_u_div_a2f.tdf             ; yes             ; Auto-Generated Megafunction        ; E:/EDA_sheji/taxi/db/alt_u_div_a2f.tdf                                     ;         ;
+----------------------------------+-----------------+------------------------------------+----------------------------------------------------------------------------+---------+


+-----------------------------------------------------------+
; Analysis & Synthesis Resource Usage Summary               ;
+---------------------------------------------+-------------+
; Resource                                    ; Usage       ;
+---------------------------------------------+-------------+
; Estimate of Logic utilization (ALMs needed) ; 693         ;
;                                             ;             ;
; Combinational ALUT usage for logic          ; 1376        ;
;     -- 7 input functions                    ; 0           ;
;     -- 6 input functions                    ; 4           ;
;     -- 5 input functions                    ; 15          ;
;     -- 4 input functions                    ; 241         ;
;     -- <=3 input functions                  ; 1116        ;
;                                             ;             ;
; Dedicated logic registers                   ; 106         ;
;                                             ;             ;
; I/O pins                                    ; 45          ;
;                                             ;             ;
; Total DSP Blocks                            ; 1           ;
;                                             ;             ;
; Maximum fan-out node                        ; reset~input ;
; Maximum fan-out                             ; 110         ;
; Total fan-out                               ; 4411        ;
; Average fan-out                             ; 2.80        ;
+---------------------------------------------+-------------+


+-----------------------------------------------------------------------------------------------------------------------------------------------------------------------------------------------------------------------------------------------------------------------------------------------------------------------+
; Analysis & Synthesis Resource Utilization by Entity                                                                                                                                                                                                                                                                   ;
+-------------------------------------------+---------------------+---------------------------+-------------------+------------+------+--------------+-----------------------------------------------------------------------------------------------------------------------------+---------------------+--------------+
; Compilation Hierarchy Node                ; Combinational ALUTs ; Dedicated Logic Registers ; Block Memory Bits ; DSP Blocks ; Pins ; Virtual Pins ; Full Hierarchy Name                                                                                                         ; Entity Name         ; Library Name ;
+-------------------------------------------+---------------------+---------------------------+-------------------+------------+------+--------------+-----------------------------------------------------------------------------------------------------------------------------+---------------------+--------------+
; |taxi                                     ; 1376 (0)            ; 106 (0)                   ; 0                 ; 1          ; 45   ; 0            ; |taxi                                                                                                                       ; taxi                ; work         ;
;    |mileage_display:inst1|                ; 989 (4)             ; 32 (32)                   ; 0                 ; 0          ; 0    ; 0            ; |taxi|mileage_display:inst1                                                                                                 ; mileage_display     ; work         ;
;       |lpm_divide:Div0|                   ; 226 (0)             ; 0 (0)                     ; 0                 ; 0          ; 0    ; 0            ; |taxi|mileage_display:inst1|lpm_divide:Div0                                                                                 ; lpm_divide          ; work         ;
;          |lpm_divide_1dm:auto_generated|  ; 226 (0)             ; 0 (0)                     ; 0                 ; 0          ; 0    ; 0            ; |taxi|mileage_display:inst1|lpm_divide:Div0|lpm_divide_1dm:auto_generated                                                   ; lpm_divide_1dm      ; work         ;
;             |sign_div_unsign_7nh:divider| ; 226 (0)             ; 0 (0)                     ; 0                 ; 0          ; 0    ; 0            ; |taxi|mileage_display:inst1|lpm_divide:Div0|lpm_divide_1dm:auto_generated|sign_div_unsign_7nh:divider                       ; sign_div_unsign_7nh ; work         ;
;                |alt_u_div_j2f:divider|    ; 226 (226)           ; 0 (0)                     ; 0                 ; 0          ; 0    ; 0            ; |taxi|mileage_display:inst1|lpm_divide:Div0|lpm_divide_1dm:auto_generated|sign_div_unsign_7nh:divider|alt_u_div_j2f:divider ; alt_u_div_j2f       ; work         ;
;       |lpm_divide:Div1|                   ; 268 (0)             ; 0 (0)                     ; 0                 ; 0          ; 0    ; 0            ; |taxi|mileage_display:inst1|lpm_divide:Div1                                                                                 ; lpm_divide          ; work         ;
;          |lpm_divide_scm:auto_generated|  ; 268 (0)             ; 0 (0)                     ; 0                 ; 0          ; 0    ; 0            ; |taxi|mileage_display:inst1|lpm_divide:Div1|lpm_divide_scm:auto_generated                                                   ; lpm_divide_scm      ; work         ;
;             |sign_div_unsign_2nh:divider| ; 268 (0)             ; 0 (0)                     ; 0                 ; 0          ; 0    ; 0            ; |taxi|mileage_display:inst1|lpm_divide:Div1|lpm_divide_scm:auto_generated|sign_div_unsign_2nh:divider                       ; sign_div_unsign_2nh ; work         ;
;                |alt_u_div_a2f:divider|    ; 268 (268)           ; 0 (0)                     ; 0                 ; 0          ; 0    ; 0            ; |taxi|mileage_display:inst1|lpm_divide:Div1|lpm_divide_scm:auto_generated|sign_div_unsign_2nh:divider|alt_u_div_a2f:divider ; alt_u_div_a2f       ; work         ;
;       |lpm_divide:Div2|                   ; 250 (0)             ; 0 (0)                     ; 0                 ; 0          ; 0    ; 0            ; |taxi|mileage_display:inst1|lpm_divide:Div2                                                                                 ; lpm_divide          ; work         ;
;          |lpm_divide_ibm:auto_generated|  ; 250 (0)             ; 0 (0)                     ; 0                 ; 0          ; 0    ; 0            ; |taxi|mileage_display:inst1|lpm_divide:Div2|lpm_divide_ibm:auto_generated                                                   ; lpm_divide_ibm      ; work         ;
;             |sign_div_unsign_olh:divider| ; 250 (0)             ; 0 (0)                     ; 0                 ; 0          ; 0    ; 0            ; |taxi|mileage_display:inst1|lpm_divide:Div2|lpm_divide_ibm:auto_generated|sign_div_unsign_olh:divider                       ; sign_div_unsign_olh ; work         ;
;                |alt_u_div_mve:divider|    ; 250 (250)           ; 0 (0)                     ; 0                 ; 0          ; 0    ; 0            ; |taxi|mileage_display:inst1|lpm_divide:Div2|lpm_divide_ibm:auto_generated|sign_div_unsign_olh:divider|alt_u_div_mve:divider ; alt_u_div_mve       ; work         ;
;       |lpm_divide:Mod0|                   ; 104 (0)             ; 0 (0)                     ; 0                 ; 0          ; 0    ; 0            ; |taxi|mileage_display:inst1|lpm_divide:Mod0                                                                                 ; lpm_divide          ; work         ;
;          |lpm_divide_i3m:auto_generated|  ; 104 (0)             ; 0 (0)                     ; 0                 ; 0          ; 0    ; 0            ; |taxi|mileage_display:inst1|lpm_divide:Mod0|lpm_divide_i3m:auto_generated                                                   ; lpm_divide_i3m      ; work         ;
;             |sign_div_unsign_llh:divider| ; 104 (0)             ; 0 (0)                     ; 0                 ; 0          ; 0    ; 0            ; |taxi|mileage_display:inst1|lpm_divide:Mod0|lpm_divide_i3m:auto_generated|sign_div_unsign_llh:divider                       ; sign_div_unsign_llh ; work         ;
;                |alt_u_div_gve:divider|    ; 104 (104)           ; 0 (0)                     ; 0                 ; 0          ; 0    ; 0            ; |taxi|mileage_display:inst1|lpm_divide:Mod0|lpm_divide_i3m:auto_generated|sign_div_unsign_llh:divider|alt_u_div_gve:divider ; alt_u_div_gve       ; work         ;
;       |lpm_divide:Mod1|                   ; 137 (0)             ; 0 (0)                     ; 0                 ; 0          ; 0    ; 0            ; |taxi|mileage_display:inst1|lpm_divide:Mod1                                                                                 ; lpm_divide          ; work         ;
;          |lpm_divide_i3m:auto_generated|  ; 137 (0)             ; 0 (0)                     ; 0                 ; 0          ; 0    ; 0            ; |taxi|mileage_display:inst1|lpm_divide:Mod1|lpm_divide_i3m:auto_generated                                                   ; lpm_divide_i3m      ; work         ;
;             |sign_div_unsign_llh:divider| ; 137 (0)             ; 0 (0)                     ; 0                 ; 0          ; 0    ; 0            ; |taxi|mileage_display:inst1|lpm_divide:Mod1|lpm_divide_i3m:auto_generated|sign_div_unsign_llh:divider                       ; sign_div_unsign_llh ; work         ;
;                |alt_u_div_gve:divider|    ; 137 (137)           ; 0 (0)                     ; 0                 ; 0          ; 0    ; 0            ; |taxi|mileage_display:inst1|lpm_divide:Mod1|lpm_divide_i3m:auto_generated|sign_div_unsign_llh:divider|alt_u_div_gve:divider ; alt_u_div_gve       ; work         ;
;    |pay_display:inst3|                    ; 270 (4)             ; 12 (12)                   ; 0                 ; 0          ; 0    ; 0            ; |taxi|pay_display:inst3                                                                                                     ; pay_display         ; work         ;
;       |lpm_divide:Div0|                   ; 71 (0)              ; 0 (0)                     ; 0                 ; 0          ; 0    ; 0            ; |taxi|pay_display:inst3|lpm_divide:Div0                                                                                     ; lpm_divide          ; work         ;
;          |lpm_divide_ebm:auto_generated|  ; 71 (0)              ; 0 (0)                     ; 0                 ; 0          ; 0    ; 0            ; |taxi|pay_display:inst3|lpm_divide:Div0|lpm_divide_ebm:auto_generated                                                       ; lpm_divide_ebm      ; work         ;
;             |sign_div_unsign_klh:divider| ; 71 (0)              ; 0 (0)                     ; 0                 ; 0          ; 0    ; 0            ; |taxi|pay_display:inst3|lpm_divide:Div0|lpm_divide_ebm:auto_generated|sign_div_unsign_klh:divider                           ; sign_div_unsign_klh ; work         ;
;                |alt_u_div_eve:divider|    ; 71 (71)             ; 0 (0)                     ; 0                 ; 0          ; 0    ; 0            ; |taxi|pay_display:inst3|lpm_divide:Div0|lpm_divide_ebm:auto_generated|sign_div_unsign_klh:divider|alt_u_div_eve:divider     ; alt_u_div_eve       ; work         ;
;       |lpm_divide:Div1|                   ; 60 (0)              ; 0 (0)                     ; 0                 ; 0          ; 0    ; 0            ; |taxi|pay_display:inst3|lpm_divide:Div1                                                                                     ; lpm_divide          ; work         ;
;          |lpm_divide_hbm:auto_generated|  ; 60 (0)              ; 0 (0)                     ; 0                 ; 0          ; 0    ; 0            ; |taxi|pay_display:inst3|lpm_divide:Div1|lpm_divide_hbm:auto_generated                                                       ; lpm_divide_hbm      ; work         ;
;             |sign_div_unsign_nlh:divider| ; 60 (0)              ; 0 (0)                     ; 0                 ; 0          ; 0    ; 0            ; |taxi|pay_display:inst3|lpm_divide:Div1|lpm_divide_hbm:auto_generated|sign_div_unsign_nlh:divider                           ; sign_div_unsign_nlh ; work         ;
;                |alt_u_div_kve:divider|    ; 60 (60)             ; 0 (0)                     ; 0                 ; 0          ; 0    ; 0            ; |taxi|pay_display:inst3|lpm_divide:Div1|lpm_divide_hbm:auto_generated|sign_div_unsign_nlh:divider|alt_u_div_kve:divider     ; alt_u_div_kve       ; work         ;
;       |lpm_divide:Mod0|                   ; 75 (0)              ; 0 (0)                     ; 0                 ; 0          ; 0    ; 0            ; |taxi|pay_display:inst3|lpm_divide:Mod0                                                                                     ; lpm_divide          ; work         ;
;          |lpm_divide_h3m:auto_generated|  ; 75 (0)              ; 0 (0)                     ; 0                 ; 0          ; 0    ; 0            ; |taxi|pay_display:inst3|lpm_divide:Mod0|lpm_divide_h3m:auto_generated                                                       ; lpm_divide_h3m      ; work         ;
;             |sign_div_unsign_klh:divider| ; 75 (0)              ; 0 (0)                     ; 0                 ; 0          ; 0    ; 0            ; |taxi|pay_display:inst3|lpm_divide:Mod0|lpm_divide_h3m:auto_generated|sign_div_unsign_klh:divider                           ; sign_div_unsign_klh ; work         ;
;                |alt_u_div_eve:divider|    ; 75 (75)             ; 0 (0)                     ; 0                 ; 0          ; 0    ; 0            ; |taxi|pay_display:inst3|lpm_divide:Mod0|lpm_divide_h3m:auto_generated|sign_div_unsign_klh:divider|alt_u_div_eve:divider     ; alt_u_div_eve       ; work         ;
;       |lpm_divide:Mod1|                   ; 60 (0)              ; 0 (0)                     ; 0                 ; 0          ; 0    ; 0            ; |taxi|pay_display:inst3|lpm_divide:Mod1                                                                                     ; lpm_divide          ; work         ;
;          |lpm_divide_h3m:auto_generated|  ; 60 (0)              ; 0 (0)                     ; 0                 ; 0          ; 0    ; 0            ; |taxi|pay_display:inst3|lpm_divide:Mod1|lpm_divide_h3m:auto_generated                                                       ; lpm_divide_h3m      ; work         ;
;             |sign_div_unsign_klh:divider| ; 60 (0)              ; 0 (0)                     ; 0                 ; 0          ; 0    ; 0            ; |taxi|pay_display:inst3|lpm_divide:Mod1|lpm_divide_h3m:auto_generated|sign_div_unsign_klh:divider                           ; sign_div_unsign_klh ; work         ;
;                |alt_u_div_eve:divider|    ; 60 (60)             ; 0 (0)                     ; 0                 ; 0          ; 0    ; 0            ; |taxi|pay_display:inst3|lpm_divide:Mod1|lpm_divide_h3m:auto_generated|sign_div_unsign_klh:divider|alt_u_div_eve:divider     ; alt_u_div_eve       ; work         ;
;    |seg7:inst10|                          ; 7 (7)               ; 0 (0)                     ; 0                 ; 0          ; 0    ; 0            ; |taxi|seg7:inst10                                                                                                           ; seg7                ; work         ;
;    |seg7:inst4|                           ; 7 (7)               ; 0 (0)                     ; 0                 ; 0          ; 0    ; 0            ; |taxi|seg7:inst4                                                                                                            ; seg7                ; work         ;
;    |seg7:inst6|                           ; 7 (7)               ; 0 (0)                     ; 0                 ; 0          ; 0    ; 0            ; |taxi|seg7:inst6                                                                                                            ; seg7                ; work         ;
;    |seg7:inst7|                           ; 7 (7)               ; 0 (0)                     ; 0                 ; 0          ; 0    ; 0            ; |taxi|seg7:inst7                                                                                                            ; seg7                ; work         ;
;    |seg7:inst8|                           ; 7 (7)               ; 0 (0)                     ; 0                 ; 0          ; 0    ; 0            ; |taxi|seg7:inst8                                                                                                            ; seg7                ; work         ;
;    |seg7:inst9|                           ; 7 (7)               ; 0 (0)                     ; 0                 ; 0          ; 0    ; 0            ; |taxi|seg7:inst9                                                                                                            ; seg7                ; work         ;
;    |taxi_fare:inst11|                     ; 20 (20)             ; 10 (10)                   ; 0                 ; 0          ; 0    ; 0            ; |taxi|taxi_fare:inst11                                                                                                      ; taxi_fare           ; work         ;
;    |taxi_meter:inst|                      ; 55 (55)             ; 52 (52)                   ; 0                 ; 1          ; 0    ; 0            ; |taxi|taxi_meter:inst                                                                                                       ; taxi_meter          ; work         ;
+-------------------------------------------+---------------------+---------------------------+-------------------+------------+------+--------------+-----------------------------------------------------------------------------------------------------------------------------+---------------------+--------------+
Note: For table entries with two numbers listed, the numbers in parentheses indicate the number of resources of the given type used by the specific entity alone. The numbers listed outside of parentheses indicate the total resources of the given type used by the specific entity and all of its sub-entities in the hierarchy.


+-----------------------------------------------+
; Analysis & Synthesis DSP Block Usage Summary  ;
+---------------------------------+-------------+
; Statistic                       ; Number Used ;
+---------------------------------+-------------+
; Two Independent 18x18           ; 1           ;
; Total number of DSP blocks      ; 1           ;
;                                 ;             ;
; Fixed Point Unsigned Multiplier ; 1           ;
+---------------------------------+-------------+


+------------------------------------------------------+
; General Register Statistics                          ;
+----------------------------------------------+-------+
; Statistic                                    ; Value ;
+----------------------------------------------+-------+
; Total registers                              ; 106   ;
; Number of registers using Synchronous Clear  ; 20    ;
; Number of registers using Synchronous Load   ; 0     ;
; Number of registers using Asynchronous Clear ; 86    ;
; Number of registers using Asynchronous Load  ; 0     ;
; Number of registers using Clock Enable       ; 60    ;
; Number of registers using Preset             ; 0     ;
+----------------------------------------------+-------+


+--------------------------------------------------+
; Inverted Register Statistics                     ;
+----------------------------------------+---------+
; Inverted Register                      ; Fan out ;
+----------------------------------------+---------+
; mileage_display:inst1|seg1[3]          ; 7       ;
; taxi_fare:inst11|y[0]                  ; 7       ;
; Total number of inverted registers = 2 ;         ;
+----------------------------------------+---------+


+------------------------------------------------------------------------------------+
; Parameter Settings for Inferred Entity Instance: pay_display:inst3|lpm_divide:Div1 ;
+------------------------+----------------+------------------------------------------+
; Parameter Name         ; Value          ; Type                                     ;
+------------------------+----------------+------------------------------------------+
; LPM_WIDTHN             ; 10             ; Untyped                                  ;
; LPM_WIDTHD             ; 7              ; Untyped                                  ;
; LPM_NREPRESENTATION    ; UNSIGNED       ; Untyped                                  ;
; LPM_DREPRESENTATION    ; UNSIGNED       ; Untyped                                  ;
; LPM_PIPELINE           ; 0              ; Untyped                                  ;
; LPM_REMAINDERPOSITIVE  ; TRUE           ; Untyped                                  ;
; MAXIMIZE_SPEED         ; 5              ; Untyped                                  ;
; CBXI_PARAMETER         ; lpm_divide_hbm ; Untyped                                  ;
; CARRY_CHAIN            ; MANUAL         ; Untyped                                  ;
; OPTIMIZE_FOR_SPEED     ; 5              ; Untyped                                  ;
; AUTO_CARRY_CHAINS      ; ON             ; AUTO_CARRY                               ;
; IGNORE_CARRY_BUFFERS   ; OFF            ; IGNORE_CARRY                             ;
; AUTO_CASCADE_CHAINS    ; ON             ; AUTO_CASCADE                             ;
; IGNORE_CASCADE_BUFFERS ; OFF            ; IGNORE_CASCADE                           ;
+------------------------+----------------+------------------------------------------+
Note: In order to hide this table in the UI and the text report file, please set the "Show Parameter Settings in Synthesis Report" option in "Analysis and Synthesis Settings -> More Settings" to "Off".


+----------------------------------------------------------------------------------------+
; Parameter Settings for Inferred Entity Instance: mileage_display:inst1|lpm_divide:Div2 ;
+------------------------+----------------+----------------------------------------------+
; Parameter Name         ; Value          ; Type                                         ;
+------------------------+----------------+----------------------------------------------+
; LPM_WIDTHN             ; 20             ; Untyped                                      ;
; LPM_WIDTHD             ; 7              ; Untyped                                      ;
; LPM_NREPRESENTATION    ; UNSIGNED       ; Untyped                                      ;
; LPM_DREPRESENTATION    ; UNSIGNED       ; Untyped                                      ;
; LPM_PIPELINE           ; 0              ; Untyped                                      ;
; LPM_REMAINDERPOSITIVE  ; TRUE           ; Untyped                                      ;
; MAXIMIZE_SPEED         ; 5              ; Untyped                                      ;
; CBXI_PARAMETER         ; lpm_divide_ibm ; Untyped                                      ;
; CARRY_CHAIN            ; MANUAL         ; Untyped                                      ;
; OPTIMIZE_FOR_SPEED     ; 5              ; Untyped                                      ;
; AUTO_CARRY_CHAINS      ; ON             ; AUTO_CARRY                                   ;
; IGNORE_CARRY_BUFFERS   ; OFF            ; IGNORE_CARRY                                 ;
; AUTO_CASCADE_CHAINS    ; ON             ; AUTO_CASCADE                                 ;
; IGNORE_CASCADE_BUFFERS ; OFF            ; IGNORE_CASCADE                               ;
+------------------------+----------------+----------------------------------------------+
Note: In order to hide this table in the UI and the text report file, please set the "Show Parameter Settings in Synthesis Report" option in "Analysis and Synthesis Settings -> More Settings" to "Off".


+----------------------------------------------------------------------------------------+
; Parameter Settings for Inferred Entity Instance: mileage_display:inst1|lpm_divide:Mod1 ;
+------------------------+----------------+----------------------------------------------+
; Parameter Name         ; Value          ; Type                                         ;
+------------------------+----------------+----------------------------------------------+
; LPM_WIDTHN             ; 20             ; Untyped                                      ;
; LPM_WIDTHD             ; 4              ; Untyped                                      ;
; LPM_NREPRESENTATION    ; UNSIGNED       ; Untyped                                      ;
; LPM_DREPRESENTATION    ; UNSIGNED       ; Untyped                                      ;
; LPM_PIPELINE           ; 0              ; Untyped                                      ;
; LPM_REMAINDERPOSITIVE  ; TRUE           ; Untyped                                      ;
; MAXIMIZE_SPEED         ; 5              ; Untyped                                      ;
; CBXI_PARAMETER         ; lpm_divide_i3m ; Untyped                                      ;
; CARRY_CHAIN            ; MANUAL         ; Untyped                                      ;
; OPTIMIZE_FOR_SPEED     ; 5              ; Untyped                                      ;
; AUTO_CARRY_CHAINS      ; ON             ; AUTO_CARRY                                   ;
; IGNORE_CARRY_BUFFERS   ; OFF            ; IGNORE_CARRY                                 ;
; AUTO_CASCADE_CHAINS    ; ON             ; AUTO_CASCADE                                 ;
; IGNORE_CASCADE_BUFFERS ; OFF            ; IGNORE_CASCADE                               ;
+------------------------+----------------+----------------------------------------------+
Note: In order to hide this table in the UI and the text report file, please set the "Show Parameter Settings in Synthesis Report" option in "Analysis and Synthesis Settings -> More Settings" to "Off".


+------------------------------------------------------------------------------------+
; Parameter Settings for Inferred Entity Instance: pay_display:inst3|lpm_divide:Mod0 ;
+------------------------+----------------+------------------------------------------+
; Parameter Name         ; Value          ; Type                                     ;
+------------------------+----------------+------------------------------------------+
; LPM_WIDTHN             ; 10             ; Untyped                                  ;
; LPM_WIDTHD             ; 4              ; Untyped                                  ;
; LPM_NREPRESENTATION    ; UNSIGNED       ; Untyped                                  ;
; LPM_DREPRESENTATION    ; UNSIGNED       ; Untyped                                  ;
; LPM_PIPELINE           ; 0              ; Untyped                                  ;
; LPM_REMAINDERPOSITIVE  ; TRUE           ; Untyped                                  ;
; MAXIMIZE_SPEED         ; 5              ; Untyped                                  ;
; CBXI_PARAMETER         ; lpm_divide_h3m ; Untyped                                  ;
; CARRY_CHAIN            ; MANUAL         ; Untyped                                  ;
; OPTIMIZE_FOR_SPEED     ; 5              ; Untyped                                  ;
; AUTO_CARRY_CHAINS      ; ON             ; AUTO_CARRY                               ;
; IGNORE_CARRY_BUFFERS   ; OFF            ; IGNORE_CARRY                             ;
; AUTO_CASCADE_CHAINS    ; ON             ; AUTO_CASCADE                             ;
; IGNORE_CASCADE_BUFFERS ; OFF            ; IGNORE_CASCADE                           ;
+------------------------+----------------+------------------------------------------+
Note: In order to hide this table in the UI and the text report file, please set the "Show Parameter Settings in Synthesis Report" option in "Analysis and Synthesis Settings -> More Settings" to "Off".


+------------------------------------------------------------------------------------+
; Parameter Settings for Inferred Entity Instance: pay_display:inst3|lpm_divide:Div0 ;
+------------------------+----------------+------------------------------------------+
; Parameter Name         ; Value          ; Type                                     ;
+------------------------+----------------+------------------------------------------+
; LPM_WIDTHN             ; 10             ; Untyped                                  ;
; LPM_WIDTHD             ; 4              ; Untyped                                  ;
; LPM_NREPRESENTATION    ; UNSIGNED       ; Untyped                                  ;
; LPM_DREPRESENTATION    ; UNSIGNED       ; Untyped                                  ;
; LPM_PIPELINE           ; 0              ; Untyped                                  ;
; LPM_REMAINDERPOSITIVE  ; TRUE           ; Untyped                                  ;
; MAXIMIZE_SPEED         ; 5              ; Untyped                                  ;
; CBXI_PARAMETER         ; lpm_divide_ebm ; Untyped                                  ;
; CARRY_CHAIN            ; MANUAL         ; Untyped                                  ;
; OPTIMIZE_FOR_SPEED     ; 5              ; Untyped                                  ;
; AUTO_CARRY_CHAINS      ; ON             ; AUTO_CARRY                               ;
; IGNORE_CARRY_BUFFERS   ; OFF            ; IGNORE_CARRY                             ;
; AUTO_CASCADE_CHAINS    ; ON             ; AUTO_CASCADE                             ;
; IGNORE_CASCADE_BUFFERS ; OFF            ; IGNORE_CASCADE                           ;
+------------------------+----------------+------------------------------------------+
Note: In order to hide this table in the UI and the text report file, please set the "Show Parameter Settings in Synthesis Report" option in "Analysis and Synthesis Settings -> More Settings" to "Off".


+------------------------------------------------------------------------------------+
; Parameter Settings for Inferred Entity Instance: pay_display:inst3|lpm_divide:Mod1 ;
+------------------------+----------------+------------------------------------------+
; Parameter Name         ; Value          ; Type                                     ;
+------------------------+----------------+------------------------------------------+
; LPM_WIDTHN             ; 10             ; Untyped                                  ;
; LPM_WIDTHD             ; 4              ; Untyped                                  ;
; LPM_NREPRESENTATION    ; UNSIGNED       ; Untyped                                  ;
; LPM_DREPRESENTATION    ; UNSIGNED       ; Untyped                                  ;
; LPM_PIPELINE           ; 0              ; Untyped                                  ;
; LPM_REMAINDERPOSITIVE  ; TRUE           ; Untyped                                  ;
; MAXIMIZE_SPEED         ; 5              ; Untyped                                  ;
; CBXI_PARAMETER         ; lpm_divide_h3m ; Untyped                                  ;
; CARRY_CHAIN            ; MANUAL         ; Untyped                                  ;
; OPTIMIZE_FOR_SPEED     ; 5              ; Untyped                                  ;
; AUTO_CARRY_CHAINS      ; ON             ; AUTO_CARRY                               ;
; IGNORE_CARRY_BUFFERS   ; OFF            ; IGNORE_CARRY                             ;
; AUTO_CASCADE_CHAINS    ; ON             ; AUTO_CASCADE                             ;
; IGNORE_CASCADE_BUFFERS ; OFF            ; IGNORE_CASCADE                           ;
+------------------------+----------------+------------------------------------------+
Note: In order to hide this table in the UI and the text report file, please set the "Show Parameter Settings in Synthesis Report" option in "Analysis and Synthesis Settings -> More Settings" to "Off".


+----------------------------------------------------------------------------------------+
; Parameter Settings for Inferred Entity Instance: mileage_display:inst1|lpm_divide:Div0 ;
+------------------------+----------------+----------------------------------------------+
; Parameter Name         ; Value          ; Type                                         ;
+------------------------+----------------+----------------------------------------------+
; LPM_WIDTHN             ; 20             ; Untyped                                      ;
; LPM_WIDTHD             ; 14             ; Untyped                                      ;
; LPM_NREPRESENTATION    ; UNSIGNED       ; Untyped                                      ;
; LPM_DREPRESENTATION    ; UNSIGNED       ; Untyped                                      ;
; LPM_PIPELINE           ; 0              ; Untyped                                      ;
; LPM_REMAINDERPOSITIVE  ; TRUE           ; Untyped                                      ;
; MAXIMIZE_SPEED         ; 5              ; Untyped                                      ;
; CBXI_PARAMETER         ; lpm_divide_1dm ; Untyped                                      ;
; CARRY_CHAIN            ; MANUAL         ; Untyped                                      ;
; OPTIMIZE_FOR_SPEED     ; 5              ; Untyped                                      ;
; AUTO_CARRY_CHAINS      ; ON             ; AUTO_CARRY                                   ;
; IGNORE_CARRY_BUFFERS   ; OFF            ; IGNORE_CARRY                                 ;
; AUTO_CASCADE_CHAINS    ; ON             ; AUTO_CASCADE                                 ;
; IGNORE_CASCADE_BUFFERS ; OFF            ; IGNORE_CASCADE                               ;
+------------------------+----------------+----------------------------------------------+
Note: In order to hide this table in the UI and the text report file, please set the "Show Parameter Settings in Synthesis Report" option in "Analysis and Synthesis Settings -> More Settings" to "Off".


+----------------------------------------------------------------------------------------+
; Parameter Settings for Inferred Entity Instance: mileage_display:inst1|lpm_divide:Div1 ;
+------------------------+----------------+----------------------------------------------+
; Parameter Name         ; Value          ; Type                                         ;
+------------------------+----------------+----------------------------------------------+
; LPM_WIDTHN             ; 20             ; Untyped                                      ;
; LPM_WIDTHD             ; 10             ; Untyped                                      ;
; LPM_NREPRESENTATION    ; UNSIGNED       ; Untyped                                      ;
; LPM_DREPRESENTATION    ; UNSIGNED       ; Untyped                                      ;
; LPM_PIPELINE           ; 0              ; Untyped                                      ;
; LPM_REMAINDERPOSITIVE  ; TRUE           ; Untyped                                      ;
; MAXIMIZE_SPEED         ; 5              ; Untyped                                      ;
; CBXI_PARAMETER         ; lpm_divide_scm ; Untyped                                      ;
; CARRY_CHAIN            ; MANUAL         ; Untyped                                      ;
; OPTIMIZE_FOR_SPEED     ; 5              ; Untyped                                      ;
; AUTO_CARRY_CHAINS      ; ON             ; AUTO_CARRY                                   ;
; IGNORE_CARRY_BUFFERS   ; OFF            ; IGNORE_CARRY                                 ;
; AUTO_CASCADE_CHAINS    ; ON             ; AUTO_CASCADE                                 ;
; IGNORE_CASCADE_BUFFERS ; OFF            ; IGNORE_CASCADE                               ;
+------------------------+----------------+----------------------------------------------+
Note: In order to hide this table in the UI and the text report file, please set the "Show Parameter Settings in Synthesis Report" option in "Analysis and Synthesis Settings -> More Settings" to "Off".


+----------------------------------------------------------------------------------------+
; Parameter Settings for Inferred Entity Instance: mileage_display:inst1|lpm_divide:Mod0 ;
+------------------------+----------------+----------------------------------------------+
; Parameter Name         ; Value          ; Type                                         ;
+------------------------+----------------+----------------------------------------------+
; LPM_WIDTHN             ; 20             ; Untyped                                      ;
; LPM_WIDTHD             ; 4              ; Untyped                                      ;
; LPM_NREPRESENTATION    ; UNSIGNED       ; Untyped                                      ;
; LPM_DREPRESENTATION    ; UNSIGNED       ; Untyped                                      ;
; LPM_PIPELINE           ; 0              ; Untyped                                      ;
; LPM_REMAINDERPOSITIVE  ; TRUE           ; Untyped                                      ;
; MAXIMIZE_SPEED         ; 5              ; Untyped                                      ;
; CBXI_PARAMETER         ; lpm_divide_i3m ; Untyped                                      ;
; CARRY_CHAIN            ; MANUAL         ; Untyped                                      ;
; OPTIMIZE_FOR_SPEED     ; 5              ; Untyped                                      ;
; AUTO_CARRY_CHAINS      ; ON             ; AUTO_CARRY                                   ;
; IGNORE_CARRY_BUFFERS   ; OFF            ; IGNORE_CARRY                                 ;
; AUTO_CASCADE_CHAINS    ; ON             ; AUTO_CASCADE                                 ;
; IGNORE_CASCADE_BUFFERS ; OFF            ; IGNORE_CASCADE                               ;
+------------------------+----------------+----------------------------------------------+
Note: In order to hide this table in the UI and the text report file, please set the "Show Parameter Settings in Synthesis Report" option in "Analysis and Synthesis Settings -> More Settings" to "Off".


+-----------------------------------------------------+
; Post-Synthesis Netlist Statistics for Top Partition ;
+-----------------------+-----------------------------+
; Type                  ; Count                       ;
+-----------------------+-----------------------------+
; arriav_ff             ; 106                         ;
;     CLR               ; 26                          ;
;     CLR SCLR          ; 20                          ;
;     ENA               ; 20                          ;
;     ENA CLR           ; 40                          ;
; arriav_lcell_comb     ; 1382                        ;
;     arith             ; 718                         ;
;         0 data inputs ; 140                         ;
;         1 data inputs ; 107                         ;
;         2 data inputs ; 54                          ;
;         3 data inputs ; 276                         ;
;         4 data inputs ; 141                         ;
;     normal            ; 597                         ;
;         1 data inputs ; 15                          ;
;         2 data inputs ; 323                         ;
;         3 data inputs ; 140                         ;
;         4 data inputs ; 100                         ;
;         5 data inputs ; 15                          ;
;         6 data inputs ; 4                           ;
;     shared            ; 67                          ;
;         0 data inputs ; 15                          ;
;         1 data inputs ; 52                          ;
; arriav_mac            ; 1                           ;
; boundary_port         ; 45                          ;
;                       ;                             ;
; Max LUT depth         ; 27.20                       ;
; Average LUT depth     ; 17.40                       ;
+-----------------------+-----------------------------+


+-------------------------------+
; Elapsed Time Per Partition    ;
+----------------+--------------+
; Partition Name ; Elapsed Time ;
+----------------+--------------+
; Top            ; 00:00:03     ;
+----------------+--------------+


+-------------------------------+
; Analysis & Synthesis Messages ;
+-------------------------------+
Info: *******************************************************************
Info: Running Quartus Prime Analysis & Synthesis
    Info: Version 18.1.0 Build 625 09/12/2018 SJ Lite Edition
    Info: Processing started: Sun Dec 08 10:34:34 2024
Info: Command: quartus_map --read_settings_files=on --write_settings_files=off taxi -c taxi
Warning (18236): Number of processors has not been specified which may cause overloading on shared machines.  Set the global assignment NUM_PARALLEL_PROCESSORS in your QSF to an appropriate value for best performance.
Info (20030): Parallel compilation is enabled and will use 16 of the 16 processors detected
Info (12021): Found 1 design units, including 1 entities, in source file taxi_meter.v
    Info (12023): Found entity 1: taxi_meter File: E:/EDA_sheji/taxi/taxi_meter.v Line: 1
Info (12021): Found 1 design units, including 1 entities, in source file taxi_fare.v
    Info (12023): Found entity 1: taxi_fare File: E:/EDA_sheji/taxi/taxi_fare.v Line: 1
Info (12021): Found 1 design units, including 1 entities, in source file mileage_display.v
    Info (12023): Found entity 1: mileage_display File: E:/EDA_sheji/taxi/mileage_display.v Line: 1
Info (12021): Found 1 design units, including 1 entities, in source file pay_display.v
    Info (12023): Found entity 1: pay_display File: E:/EDA_sheji/taxi/pay_display.v Line: 1
Info (12021): Found 1 design units, including 1 entities, in source file seg7.v
    Info (12023): Found entity 1: seg7 File: E:/EDA_sheji/taxi/seg7.v Line: 1
Info (12021): Found 1 design units, including 1 entities, in source file taxi.bdf
    Info (12023): Found entity 1: taxi
Info (12127): Elaborating entity "taxi" for the top level hierarchy
Warning (275011): Block or symbol "seg7" of instance "inst4" overlaps another block or symbol
Warning (275011): Block or symbol "seg7" of instance "inst7" overlaps another block or symbol
Warning (275011): Block or symbol "seg7" of instance "inst8" overlaps another block or symbol
Warning (275011): Block or symbol "seg7" of instance "inst10" overlaps another block or symbol
Info (12128): Elaborating entity "seg7" for hierarchy "seg7:inst10"
Info (12128): Elaborating entity "pay_display" for hierarchy "pay_display:inst3"
Warning (10230): Verilog HDL assignment warning at pay_display.v(19): truncated value with size 32 to match size of target (4) File: E:/EDA_sheji/taxi/pay_display.v Line: 19
Warning (10230): Verilog HDL assignment warning at pay_display.v(20): truncated value with size 32 to match size of target (4) File: E:/EDA_sheji/taxi/pay_display.v Line: 20
Warning (10230): Verilog HDL assignment warning at pay_display.v(21): truncated value with size 32 to match size of target (4) File: E:/EDA_sheji/taxi/pay_display.v Line: 21
Info (12128): Elaborating entity "taxi_fare" for hierarchy "taxi_fare:inst11"
Warning (10230): Verilog HDL assignment warning at taxi_fare.v(21): truncated value with size 32 to match size of target (10) File: E:/EDA_sheji/taxi/taxi_fare.v Line: 21
Warning (10230): Verilog HDL assignment warning at taxi_fare.v(23): truncated value with size 32 to match size of target (10) File: E:/EDA_sheji/taxi/taxi_fare.v Line: 23
Info (12128): Elaborating entity "taxi_meter" for hierarchy "taxi_meter:inst"
Warning (10230): Verilog HDL assignment warning at taxi_meter.v(24): truncated value with size 32 to match size of target (11) File: E:/EDA_sheji/taxi/taxi_meter.v Line: 24
Warning (10230): Verilog HDL assignment warning at taxi_meter.v(28): truncated value with size 32 to match size of target (20) File: E:/EDA_sheji/taxi/taxi_meter.v Line: 28
Warning (10230): Verilog HDL assignment warning at taxi_meter.v(29): truncated value with size 32 to match size of target (20) File: E:/EDA_sheji/taxi/taxi_meter.v Line: 29
Info (12128): Elaborating entity "mileage_display" for hierarchy "mileage_display:inst1"
Warning (10230): Verilog HDL assignment warning at mileage_display.v(26): truncated value with size 32 to match size of target (4) File: E:/EDA_sheji/taxi/mileage_display.v Line: 26
Warning (10230): Verilog HDL assignment warning at mileage_display.v(27): truncated value with size 32 to match size of target (4) File: E:/EDA_sheji/taxi/mileage_display.v Line: 27
Warning (10230): Verilog HDL assignment warning at mileage_display.v(28): truncated value with size 32 to match size of target (4) File: E:/EDA_sheji/taxi/mileage_display.v Line: 28
Info (278001): Inferred 9 megafunctions from design logic
    Info (278004): Inferred divider/modulo megafunction ("lpm_divide") from the following logic: "pay_display:inst3|Div1" File: E:/EDA_sheji/taxi/pay_display.v Line: 21
    Info (278004): Inferred divider/modulo megafunction ("lpm_divide") from the following logic: "mileage_display:inst1|Div2" File: E:/EDA_sheji/taxi/mileage_display.v Line: 28
    Info (278004): Inferred divider/modulo megafunction ("lpm_divide") from the following logic: "mileage_display:inst1|Mod1" File: E:/EDA_sheji/taxi/mileage_display.v Line: 28
    Info (278004): Inferred divider/modulo megafunction ("lpm_divide") from the following logic: "pay_display:inst3|Mod0" File: E:/EDA_sheji/taxi/pay_display.v Line: 19
    Info (278004): Inferred divider/modulo megafunction ("lpm_divide") from the following logic: "pay_display:inst3|Div0" File: E:/EDA_sheji/taxi/pay_display.v Line: 20
    Info (278004): Inferred divider/modulo megafunction ("lpm_divide") from the following logic: "pay_display:inst3|Mod1" File: E:/EDA_sheji/taxi/pay_display.v Line: 20
    Info (278004): Inferred divider/modulo megafunction ("lpm_divide") from the following logic: "mileage_display:inst1|Div0" File: E:/EDA_sheji/taxi/mileage_display.v Line: 26
    Info (278004): Inferred divider/modulo megafunction ("lpm_divide") from the following logic: "mileage_display:inst1|Div1" File: E:/EDA_sheji/taxi/mileage_display.v Line: 27
    Info (278004): Inferred divider/modulo megafunction ("lpm_divide") from the following logic: "mileage_display:inst1|Mod0" File: E:/EDA_sheji/taxi/mileage_display.v Line: 27
Info (12130): Elaborated megafunction instantiation "pay_display:inst3|lpm_divide:Div1" File: E:/EDA_sheji/taxi/pay_display.v Line: 21
Info (12133): Instantiated megafunction "pay_display:inst3|lpm_divide:Div1" with the following parameter: File: E:/EDA_sheji/taxi/pay_display.v Line: 21
    Info (12134): Parameter "LPM_WIDTHN" = "10"
    Info (12134): Parameter "LPM_WIDTHD" = "7"
    Info (12134): Parameter "LPM_NREPRESENTATION" = "UNSIGNED"
    Info (12134): Parameter "LPM_DREPRESENTATION" = "UNSIGNED"
Info (12021): Found 1 design units, including 1 entities, in source file db/lpm_divide_hbm.tdf
    Info (12023): Found entity 1: lpm_divide_hbm File: E:/EDA_sheji/taxi/db/lpm_divide_hbm.tdf Line: 24
Info (12021): Found 1 design units, including 1 entities, in source file db/sign_div_unsign_nlh.tdf
    Info (12023): Found entity 1: sign_div_unsign_nlh File: E:/EDA_sheji/taxi/db/sign_div_unsign_nlh.tdf Line: 24
Info (12021): Found 1 design units, including 1 entities, in source file db/alt_u_div_kve.tdf
    Info (12023): Found entity 1: alt_u_div_kve File: E:/EDA_sheji/taxi/db/alt_u_div_kve.tdf Line: 22
Info (12130): Elaborated megafunction instantiation "mileage_display:inst1|lpm_divide:Div2" File: E:/EDA_sheji/taxi/mileage_display.v Line: 28
Info (12133): Instantiated megafunction "mileage_display:inst1|lpm_divide:Div2" with the following parameter: File: E:/EDA_sheji/taxi/mileage_display.v Line: 28
    Info (12134): Parameter "LPM_WIDTHN" = "20"
    Info (12134): Parameter "LPM_WIDTHD" = "7"
    Info (12134): Parameter "LPM_NREPRESENTATION" = "UNSIGNED"
    Info (12134): Parameter "LPM_DREPRESENTATION" = "UNSIGNED"
Info (12021): Found 1 design units, including 1 entities, in source file db/lpm_divide_ibm.tdf
    Info (12023): Found entity 1: lpm_divide_ibm File: E:/EDA_sheji/taxi/db/lpm_divide_ibm.tdf Line: 24
Info (12021): Found 1 design units, including 1 entities, in source file db/sign_div_unsign_olh.tdf
    Info (12023): Found entity 1: sign_div_unsign_olh File: E:/EDA_sheji/taxi/db/sign_div_unsign_olh.tdf Line: 24
Info (12021): Found 1 design units, including 1 entities, in source file db/alt_u_div_mve.tdf
    Info (12023): Found entity 1: alt_u_div_mve File: E:/EDA_sheji/taxi/db/alt_u_div_mve.tdf Line: 22
Info (12130): Elaborated megafunction instantiation "mileage_display:inst1|lpm_divide:Mod1" File: E:/EDA_sheji/taxi/mileage_display.v Line: 28
Info (12133): Instantiated megafunction "mileage_display:inst1|lpm_divide:Mod1" with the following parameter: File: E:/EDA_sheji/taxi/mileage_display.v Line: 28
    Info (12134): Parameter "LPM_WIDTHN" = "20"
    Info (12134): Parameter "LPM_WIDTHD" = "4"
    Info (12134): Parameter "LPM_NREPRESENTATION" = "UNSIGNED"
    Info (12134): Parameter "LPM_DREPRESENTATION" = "UNSIGNED"
Info (12021): Found 1 design units, including 1 entities, in source file db/lpm_divide_i3m.tdf
    Info (12023): Found entity 1: lpm_divide_i3m File: E:/EDA_sheji/taxi/db/lpm_divide_i3m.tdf Line: 24
Info (12021): Found 1 design units, including 1 entities, in source file db/sign_div_unsign_llh.tdf
    Info (12023): Found entity 1: sign_div_unsign_llh File: E:/EDA_sheji/taxi/db/sign_div_unsign_llh.tdf Line: 24
Info (12021): Found 1 design units, including 1 entities, in source file db/alt_u_div_gve.tdf
    Info (12023): Found entity 1: alt_u_div_gve File: E:/EDA_sheji/taxi/db/alt_u_div_gve.tdf Line: 22
Info (12130): Elaborated megafunction instantiation "pay_display:inst3|lpm_divide:Mod0" File: E:/EDA_sheji/taxi/pay_display.v Line: 19
Info (12133): Instantiated megafunction "pay_display:inst3|lpm_divide:Mod0" with the following parameter: File: E:/EDA_sheji/taxi/pay_display.v Line: 19
    Info (12134): Parameter "LPM_WIDTHN" = "10"
    Info (12134): Parameter "LPM_WIDTHD" = "4"
    Info (12134): Parameter "LPM_NREPRESENTATION" = "UNSIGNED"
    Info (12134): Parameter "LPM_DREPRESENTATION" = "UNSIGNED"
Info (12021): Found 1 design units, including 1 entities, in source file db/lpm_divide_h3m.tdf
    Info (12023): Found entity 1: lpm_divide_h3m File: E:/EDA_sheji/taxi/db/lpm_divide_h3m.tdf Line: 24
Info (12021): Found 1 design units, including 1 entities, in source file db/sign_div_unsign_klh.tdf
    Info (12023): Found entity 1: sign_div_unsign_klh File: E:/EDA_sheji/taxi/db/sign_div_unsign_klh.tdf Line: 24
Info (12021): Found 1 design units, including 1 entities, in source file db/alt_u_div_eve.tdf
    Info (12023): Found entity 1: alt_u_div_eve File: E:/EDA_sheji/taxi/db/alt_u_div_eve.tdf Line: 22
Info (12130): Elaborated megafunction instantiation "pay_display:inst3|lpm_divide:Div0" File: E:/EDA_sheji/taxi/pay_display.v Line: 20
Info (12133): Instantiated megafunction "pay_display:inst3|lpm_divide:Div0" with the following parameter: File: E:/EDA_sheji/taxi/pay_display.v Line: 20
    Info (12134): Parameter "LPM_WIDTHN" = "10"
    Info (12134): Parameter "LPM_WIDTHD" = "4"
    Info (12134): Parameter "LPM_NREPRESENTATION" = "UNSIGNED"
    Info (12134): Parameter "LPM_DREPRESENTATION" = "UNSIGNED"
Info (12021): Found 1 design units, including 1 entities, in source file db/lpm_divide_ebm.tdf
    Info (12023): Found entity 1: lpm_divide_ebm File: E:/EDA_sheji/taxi/db/lpm_divide_ebm.tdf Line: 24
Info (12130): Elaborated megafunction instantiation "mileage_display:inst1|lpm_divide:Div0" File: E:/EDA_sheji/taxi/mileage_display.v Line: 26
Info (12133): Instantiated megafunction "mileage_display:inst1|lpm_divide:Div0" with the following parameter: File: E:/EDA_sheji/taxi/mileage_display.v Line: 26
    Info (12134): Parameter "LPM_WIDTHN" = "20"
    Info (12134): Parameter "LPM_WIDTHD" = "14"
    Info (12134): Parameter "LPM_NREPRESENTATION" = "UNSIGNED"
    Info (12134): Parameter "LPM_DREPRESENTATION" = "UNSIGNED"
Info (12021): Found 1 design units, including 1 entities, in source file db/lpm_divide_1dm.tdf
    Info (12023): Found entity 1: lpm_divide_1dm File: E:/EDA_sheji/taxi/db/lpm_divide_1dm.tdf Line: 24
Info (12021): Found 1 design units, including 1 entities, in source file db/sign_div_unsign_7nh.tdf
    Info (12023): Found entity 1: sign_div_unsign_7nh File: E:/EDA_sheji/taxi/db/sign_div_unsign_7nh.tdf Line: 24
Info (12021): Found 1 design units, including 1 entities, in source file db/alt_u_div_j2f.tdf
    Info (12023): Found entity 1: alt_u_div_j2f File: E:/EDA_sheji/taxi/db/alt_u_div_j2f.tdf Line: 22
Info (12130): Elaborated megafunction instantiation "mileage_display:inst1|lpm_divide:Div1" File: E:/EDA_sheji/taxi/mileage_display.v Line: 27
Info (12133): Instantiated megafunction "mileage_display:inst1|lpm_divide:Div1" with the following parameter: File: E:/EDA_sheji/taxi/mileage_display.v Line: 27
    Info (12134): Parameter "LPM_WIDTHN" = "20"
    Info (12134): Parameter "LPM_WIDTHD" = "10"
    Info (12134): Parameter "LPM_NREPRESENTATION" = "UNSIGNED"
    Info (12134): Parameter "LPM_DREPRESENTATION" = "UNSIGNED"
Info (12021): Found 1 design units, including 1 entities, in source file db/lpm_divide_scm.tdf
    Info (12023): Found entity 1: lpm_divide_scm File: E:/EDA_sheji/taxi/db/lpm_divide_scm.tdf Line: 24
Info (12021): Found 1 design units, including 1 entities, in source file db/sign_div_unsign_2nh.tdf
    Info (12023): Found entity 1: sign_div_unsign_2nh File: E:/EDA_sheji/taxi/db/sign_div_unsign_2nh.tdf Line: 24
Info (12021): Found 1 design units, including 1 entities, in source file db/alt_u_div_a2f.tdf
    Info (12023): Found entity 1: alt_u_div_a2f File: E:/EDA_sheji/taxi/db/alt_u_div_a2f.tdf Line: 22
Warning (13004): Presettable and clearable registers converted to equivalent circuits with latches. Registers power-up to an undefined state, and DEVCLRn places the registers in an undefined state.
    Warning (13310): Register "taxi_fare:inst11|y[1]" is converted into an equivalent circuit using register "taxi_fare:inst11|y[1]~_emulated" and latch "taxi_fare:inst11|y[1]~1" File: E:/EDA_sheji/taxi/taxi_fare.v Line: 19
    Warning (13310): Register "taxi_fare:inst11|y[2]" is converted into an equivalent circuit using register "taxi_fare:inst11|y[2]~_emulated" and latch "taxi_fare:inst11|y[2]~5" File: E:/EDA_sheji/taxi/taxi_fare.v Line: 19
Info (286030): Timing-Driven Synthesis is running
Info (16010): Generating hard_block partition "hard_block:auto_generated_inst"
    Info (16011): Adding 0 node(s), including 0 DDIO, 0 PLL, 0 transceiver and 0 LCELL
Info (21057): Implemented 1443 device resources after synthesis - the final resource count might be different
    Info (21058): Implemented 3 input pins
    Info (21059): Implemented 42 output pins
    Info (21061): Implemented 1397 logic cells
    Info (21062): Implemented 1 DSP elements
Info: Quartus Prime Analysis & Synthesis was successful. 0 errors, 19 warnings
    Info: Peak virtual memory: 4936 megabytes
    Info: Processing ended: Sun Dec 08 10:34:52 2024
    Info: Elapsed time: 00:00:18
    Info: Total CPU time (on all processors): 00:00:15


